<?xml version="1.0" encoding="UTF-8"?>
<!-- Generated by org.testng.reporters.JUnitXMLReporter -->
<testsuite ignored="0" hostname="DESKTOP-KD7B1SL" failures="0" tests="12" name="Test" time="205.57" errors="0" timestamp="2022-09-22T12:42:31 IST">
  <testcase classname="scripts.HelpDesk" name="tc1" time="3.037"/>
  <testcase classname="scripts.HelpDesk" name="tc2" time="5.596"/>
  <testcase classname="scripts.HelpDesk" name="tc3" time="5.538"/>
  <testcase classname="scripts.HelpDesk" name="tc4" time="5.136"/>
  <testcase classname="scripts.HelpDesk" name="tc5" time="3.477"/>
  <testcase classname="scripts.user_management" name="tc1" time="3.191"/>
  <testcase classname="scripts.user_management" name="tc2" time="9.476"/>
  <testcase classname="scripts.user_management" name="tc3" time="22.949"/>
  <testcase classname="scripts.user_management" name="tc4" time="21.926"/>
  <testcase classname="scripts.user_management" name="tc5" time="18.585"/>
  <testcase classname="scripts.user_management" name="tc6" time="9.537"/>
  <testcase classname="scripts.user_management" name="tc7" time="9.31"/>
</testsuite> <!-- Test -->
