<?xml version="1.0" encoding="UTF-8"?>
<!-- Generated by org.testng.reporters.JUnitXMLReporter -->
<testsuite ignored="11" hostname="DESKTOP-KD7B1SL" failures="0" tests="1" name="Default test(failed)(failed)" time="27.578" errors="0" timestamp="2022-09-21T12:54:08 IST">
  <testcase classname="scripts.Reports" name="tc4" time="20.637"/>
  <testcase classname="scripts.Reports" name="tc1" time="0.0">
    <ignored/>
  </testcase> <!-- tc1 -->
  <testcase classname="scripts.Reports" name="tc2" time="0.0">
    <ignored/>
  </testcase> <!-- tc2 -->
  <testcase classname="scripts.Reports" name="tc5" time="0.0">
    <ignored/>
  </testcase> <!-- tc5 -->
  <testcase classname="scripts.Reports" name="tc12" time="0.0">
    <ignored/>
  </testcase> <!-- tc12 -->
  <testcase classname="scripts.Reports" name="tc8" time="0.0">
    <ignored/>
  </testcase> <!-- tc8 -->
  <testcase classname="scripts.Reports" name="tc3" time="0.0">
    <ignored/>
  </testcase> <!-- tc3 -->
  <testcase classname="scripts.Reports" name="tc6" time="0.0">
    <ignored/>
  </testcase> <!-- tc6 -->
  <testcase classname="scripts.Reports" name="tc11" time="0.0">
    <ignored/>
  </testcase> <!-- tc11 -->
  <testcase classname="scripts.Reports" name="tc9" time="0.0">
    <ignored/>
  </testcase> <!-- tc9 -->
  <testcase classname="scripts.Reports" name="tc7" time="0.0">
    <ignored/>
  </testcase> <!-- tc7 -->
  <testcase classname="scripts.Reports" name="tc10" time="0.0">
    <ignored/>
  </testcase> <!-- tc10 -->
</testsuite> <!-- Default test(failed)(failed) -->
